INSTRUMENTATION_STATUS: class=coding.universe.benchmark.ExampleStartupBenchmark
INSTRUMENTATION_STATUS: current=1
INSTRUMENTATION_STATUS: id=AndroidJUnitRunner
INSTRUMENTATION_STATUS: numtests=1
INSTRUMENTATION_STATUS: stream=
coding.universe.benchmark.ExampleStartupBenchmark:
INSTRUMENTATION_STATUS: test=startup
INSTRUMENTATION_STATUS_CODE: 1
INSTRUMENTATION_STATUS: class=coding.universe.benchmark.ExampleStartupBenchmark
INSTRUMENTATION_STATUS: current=1
INSTRUMENTATION_STATUS: id=AndroidJUnitRunner
INSTRUMENTATION_STATUS: numtests=1
INSTRUMENTATION_STATUS: stack=java.lang.RuntimeException: Failed to compile coding.universe.mojcompose (Error: Failed to cpmpile !
)
at androidx.benchmark.macro.CompilationModeKt.compile(CompilationMode.kt:172)
at androidx.benchmark.macro.MacrobenchmarkKt.macrobenchmark(Macrobenchmark.kt:129)
at androidx.benchmark.macro.MacrobenchmarkKt.macrobenchmarkWithStartupMode(Macrobenchmark.kt:241)
at androidx.benchmark.macro.junit4.MacrobenchmarkRule.measureRepeated(MacrobenchmarkRule.kt:68)
at androidx.benchmark.macro.junit4.MacrobenchmarkRule.measureRepeated$default(MacrobenchmarkRule.kt:58)
at coding.universe.benchmark.ExampleStartupBenchmark.startup(ExampleStartupBenchmark.kt:30)

INSTRUMENTATION_STATUS: stream=
Error in startup(coding.universe.benchmark.ExampleStartupBenchmark):
java.lang.RuntimeException: Failed to compile coding.universe.mojcompose (Error: Failed to cpmpile !
)
at androidx.benchmark.macro.CompilationModeKt.compile(CompilationMode.kt:172)
at androidx.benchmark.macro.MacrobenchmarkKt.macrobenchmark(Macrobenchmark.kt:129)
at androidx.benchmark.macro.MacrobenchmarkKt.macrobenchmarkWithStartupMode(Macrobenchmark.kt:241)
at androidx.benchmark.macro.junit4.MacrobenchmarkRule.measureRepeated(MacrobenchmarkRule.kt:68)
at androidx.benchmark.macro.junit4.MacrobenchmarkRule.measureRepeated$default(MacrobenchmarkRule.kt:58)
at coding.universe.benchmark.ExampleStartupBenchmark.startup(ExampleStartupBenchmark.kt:30)

INSTRUMENTATION_STATUS: test=startup
INSTRUMENTATION_STATUS_CODE: -2
INSTRUMENTATION_RESULT: stream=

Time: 32.557
There was 1 failure:
1) startup(coding.universe.benchmark.ExampleStartupBenchmark)
java.lang.RuntimeException: Failed to compile coding.universe.mojcompose (Error: Failed to cpmpile !
)
at androidx.benchmark.macro.CompilationModeKt.compile(CompilationMode.kt:172)
at androidx.benchmark.macro.MacrobenchmarkKt.macrobenchmark(Macrobenchmark.kt:129)
at androidx.benchmark.macro.MacrobenchmarkKt.macrobenchmarkWithStartupMode(Macrobenchmark.kt:241)
at androidx.benchmark.macro.junit4.MacrobenchmarkRule.measureRepeated(MacrobenchmarkRule.kt:68)
at androidx.benchmark.macro.junit4.MacrobenchmarkRule.measureRepeated$default(MacrobenchmarkRule.kt:58)
at coding.universe.benchmark.ExampleStartupBenchmark.startup(ExampleStartupBenchmark.kt:30)
at java.lang.reflect.Method.invoke(Native Method)
at org.junit.runners.model.FrameworkMethod$1.runReflectiveCall(FrameworkMethod.java:50)
at org.junit.internal.runners.model.ReflectiveCallable.run(ReflectiveCallable.java:12)
at org.junit.runners.model.FrameworkMethod.invokeExplosively(FrameworkMethod.java:47)
at org.junit.internal.runners.statements.InvokeMethod.evaluate(InvokeMethod.java:17)
at androidx.benchmark.macro.junit4.MacrobenchmarkRule$applyInternal$1.evaluate(MacrobenchmarkRule.kt:93)
at androidx.test.rule.GrantPermissionRule$RequestPermissionStatement.evaluate(GrantPermissionRule.java:134)
at org.junit.rules.RunRules.evaluate(RunRules.java:20)
at org.junit.runners.ParentRunner.runLeaf(ParentRunner.java:325)
at org.junit.runners.BlockJUnit4ClassRunner.runChild(BlockJUnit4ClassRunner.java:78)
at org.junit.runners.BlockJUnit4ClassRunner.runChild(BlockJUnit4ClassRunner.java:57)
at org.junit.runners.ParentRunner$3.run(ParentRunner.java:290)
at org.junit.runners.ParentRunner$1.schedule(ParentRunner.java:71)
at org.junit.runners.ParentRunner.runChildren(ParentRunner.java:288)
at org.junit.runners.ParentRunner.access$000(ParentRunner.java:58)
at org.junit.runners.ParentRunner$2.evaluate(ParentRunner.java:268)
at org.junit.runners.ParentRunner.run(ParentRunner.java:363)
at androidx.test.ext.junit.runners.AndroidJUnit4.run(AndroidJUnit4.java:162)
at org.junit.runners.Suite.runChild(Suite.java:128)
at org.junit.runners.Suite.runChild(Suite.java:27)
at org.junit.runners.ParentRunner$3.run(ParentRunner.java:290)
at org.junit.runners.ParentRunner$1.schedule(ParentRunner.java:71)
at org.junit.runners.ParentRunner.runChildren(ParentRunner.java:288)
at org.junit.runners.ParentRunner.access$000(ParentRunner.java:58)
at org.junit.runners.ParentRunner$2.evaluate(ParentRunner.java:268)
at org.junit.runners.ParentRunner.run(ParentRunner.java:363)
at org.junit.runner.JUnitCore.run(JUnitCore.java:137)
at org.junit.runner.JUnitCore.run(JUnitCore.java:115)
at androidx.test.internal.runner.TestExecutor.execute(TestExecutor.java:56)
at androidx.test.runner.AndroidJUnitRunner.onStart(AndroidJUnitRunner.java:444)
at android.app.Instrumentation$InstrumentationThread.run(Instrumentation.java:2226)

FAILURES!!!
Tests run: 1,  Failures: 1


INSTRUMENTATION_CODE: -1

